2026-06-19 23:43:41,168 INFO o.a.j.u.JMeterUtils: Setting Locale to en_EN
2026-06-19 23:43:41,179 INFO o.a.j.JMeter: Loading user properties from: /opt/homebrew/Cellar/jmeter/5.6.3/libexec/bin/user.properties
2026-06-19 23:43:41,179 INFO o.a.j.JMeter: Loading system properties from: /opt/homebrew/Cellar/jmeter/5.6.3/libexec/bin/system.properties
2026-06-19 23:43:41,182 INFO o.a.j.JMeter: Copyright (c) 1998-2024 The Apache Software Foundation
2026-06-19 23:43:41,182 INFO o.a.j.JMeter: Version 5.6.3
2026-06-19 23:43:41,182 INFO o.a.j.JMeter: java.version=21.0.11
2026-06-19 23:43:41,182 INFO o.a.j.JMeter: java.vm.name=OpenJDK 64-Bit Server VM
2026-06-19 23:43:41,182 INFO o.a.j.JMeter: os.name=Mac OS X
2026-06-19 23:43:41,182 INFO o.a.j.JMeter: os.arch=aarch64
2026-06-19 23:43:41,182 INFO o.a.j.JMeter: os.version=26.5.1
2026-06-19 23:43:41,182 INFO o.a.j.JMeter: file.encoding=UTF-8
2026-06-19 23:43:41,182 INFO o.a.j.JMeter: java.awt.headless=true
2026-06-19 23:43:41,182 INFO o.a.j.JMeter: Max memory     =1073741824
2026-06-19 23:43:41,182 INFO o.a.j.JMeter: Available Processors =16
2026-06-19 23:43:41,187 INFO o.a.j.JMeter: Default Locale=English (EN)
2026-06-19 23:43:41,187 INFO o.a.j.JMeter: JMeter  Locale=English (EN)
2026-06-19 23:43:41,187 INFO o.a.j.JMeter: JMeterHome=/opt/homebrew/Cellar/jmeter/5.6.3/libexec
2026-06-19 23:43:41,187 INFO o.a.j.JMeter: user.dir  =/Users/cburgosro/Projects/jmeter
2026-06-19 23:43:41,187 INFO o.a.j.JMeter: PWD       =/Users/cburgosro/Projects/jmeter
2026-06-19 23:43:41,220 INFO o.a.j.JMeter: IP: 192.168.1.11 Name: MacBook-Pro-de-Cesar.local FullName: 192.168.1.11
2026-06-19 23:43:41,226 INFO o.a.j.s.FileServer: Default base='/Users/cburgosro/Projects/jmeter'
2026-06-19 23:43:41,227 INFO o.a.j.s.FileServer: Set new base='/tmp'
2026-06-19 23:43:41,296 INFO o.a.j.s.SaveService: Testplan (JMX) version: 2.2. Testlog (JTL) version: 2.2
2026-06-19 23:43:41,309 INFO o.a.j.s.SaveService: Using SaveService properties version 5.0
2026-06-19 23:43:41,311 INFO o.a.j.s.SaveService: Using SaveService properties file encoding UTF-8
2026-06-19 23:43:41,312 INFO o.a.j.s.SaveService: Loading file: /tmp/bench-exported.jmx
2026-06-19 23:43:41,333 INFO o.a.j.p.h.s.HTTPSamplerBase: Parser for text/html is org.apache.jmeter.protocol.http.parser.LagartoBasedHtmlParser
2026-06-19 23:43:41,333 INFO o.a.j.p.h.s.HTTPSamplerBase: Parser for application/xhtml+xml is org.apache.jmeter.protocol.http.parser.LagartoBasedHtmlParser
2026-06-19 23:43:41,333 INFO o.a.j.p.h.s.HTTPSamplerBase: Parser for application/xml is org.apache.jmeter.protocol.http.parser.LagartoBasedHtmlParser
2026-06-19 23:43:41,333 INFO o.a.j.p.h.s.HTTPSamplerBase: Parser for text/xml is org.apache.jmeter.protocol.http.parser.LagartoBasedHtmlParser
2026-06-19 23:43:41,333 INFO o.a.j.p.h.s.HTTPSamplerBase: Parser for text/vnd.wap.wml is org.apache.jmeter.protocol.http.parser.RegexpHTMLParser
2026-06-19 23:43:41,333 INFO o.a.j.p.h.s.HTTPSamplerBase: Parser for text/css is org.apache.jmeter.protocol.http.parser.CssParser
2026-06-19 23:43:41,336 INFO o.a.j.JMeter: Creating summariser <summary>
2026-06-19 23:43:41,345 INFO o.a.j.e.StandardJMeterEngine: Running the test!
2026-06-19 23:43:41,345 INFO o.a.j.s.SampleEvent: List of sample_variables: []
2026-06-19 23:43:41,345 INFO o.a.j.s.SampleEvent: List of sample_variables: []
2026-06-19 23:43:41,346 INFO o.a.j.e.u.CompoundVariable: Note: Function class names must contain the string: '.functions.'
2026-06-19 23:43:41,346 INFO o.a.j.e.u.CompoundVariable: Note: Function class names must not contain the string: '.gui.'
2026-06-19 23:43:41,368 INFO o.a.j.r.ClassFinder: Will scan jar /opt/homebrew/Cellar/jmeter/5.6.3/libexec/lib/ext/jmeter-plugins-manager-1.9.jar with filter ExtendsClassFilter [parents=[interface org.apache.jmeter.functions.Function], inner=false, contains=null, notContains=null]. Consider exposing JMeter plugins via META-INF/services, and add JMeter-Skip-Class-Scanning=true manifest attribute so JMeter can skip classfile scanning
2026-06-19 23:43:41,402 INFO o.a.j.JMeter: Running test (1781930621402)
2026-06-19 23:43:41,408 INFO o.a.j.e.StandardJMeterEngine: Starting ThreadGroup: 1 : Bench
2026-06-19 23:43:41,408 INFO o.a.j.e.StandardJMeterEngine: Starting 1 threads for group Bench.
2026-06-19 23:43:41,408 INFO o.a.j.e.StandardJMeterEngine: Thread will continue on error
2026-06-19 23:43:41,408 INFO o.a.j.t.ThreadGroup: Starting thread group... number=1 threads=1 ramp-up=0 delayedStart=false
2026-06-19 23:43:41,409 INFO o.a.j.t.ThreadGroup: Started thread group number 1
2026-06-19 23:43:41,409 INFO o.a.j.e.StandardJMeterEngine: All thread groups have been started
2026-06-19 23:43:41,410 INFO o.a.j.t.JMeterThread: Thread started: Bench 1-1
2026-06-19 23:43:41,417 INFO o.a.j.p.h.s.HTTPHCAbstractImpl: Local host = MacBook-Pro-de-Cesar.local
2026-06-19 23:43:41,420 INFO o.a.j.p.h.s.HTTPHC4Impl: HTTP request retry count = 0
2026-06-19 23:43:41,420 INFO o.a.j.s.SampleResult: Note: Sample TimeStamps are START times
2026-06-19 23:43:41,420 INFO o.a.j.s.SampleResult: sampleresult.default.encoding is set to UTF-8
2026-06-19 23:43:41,420 INFO o.a.j.s.SampleResult: sampleresult.useNanoTime=true
2026-06-19 23:43:41,420 INFO o.a.j.s.SampleResult: sampleresult.nanoThreadSleep=5000
2026-06-19 23:43:41,454 INFO o.a.j.t.JMeterThread: Thread is done: Bench 1-1
2026-06-19 23:43:41,454 INFO o.a.j.t.JMeterThread: Thread finished: Bench 1-1
2026-06-19 23:43:41,455 INFO o.a.j.e.StandardJMeterEngine: Notifying test listeners of end of test
2026-06-19 23:43:41,455 INFO o.a.j.r.Summariser: summary =      1 in 00:00:00 =   18.9/s Avg:    11 Min:    11 Max:    11 Err:     0 (0.00%)
